#-----------------------------------------------------------
# Vivado v2018.3 (64-bit)
# SW Build 2405991 on Thu Dec  6 23:38:27 MST 2018
# IP Build 2404404 on Fri Dec  7 01:43:56 MST 2018
# Start of session at: Sat Feb 16 07:41:01 2019
# Process ID: 1280
# Current directory: C:/Users/FoersterGame/Documents/GitHub/FPGAintro/1_1_Parallel_a
# Command line: vivado.exe -gui_launcher_event rodinguilauncherevent2676 C:\Users\FoersterGame\Documents\GitHub\FPGAintro\1_1_Parallel_a\1_1_Parallel_a.xpr
# Log file: C:/Users/FoersterGame/Documents/GitHub/FPGAintro/1_1_Parallel_a/vivado.log
# Journal file: C:/Users/FoersterGame/Documents/GitHub/FPGAintro/1_1_Parallel_a\vivado.jou
#-----------------------------------------------------------
start_gui
open_project C:/Users/FoersterGame/Documents/GitHub/FPGAintro/1_1_Parallel_a/1_1_Parallel_a.xpr
Scanning sources...
Finished scanning sources
INFO: [IP_Flow 19-234] Refreshing IP repositories
INFO: [IP_Flow 19-1704] No user IP repositories specified
INFO: [IP_Flow 19-2313] Loaded Vivado IP repository 'C:/Xilinx/Vivado/2018.3/data/ip'.
update_compile_order -fileset sources_1
close_project
exit
INFO: [Common 17-206] Exiting Vivado at Sat Feb 16 07:41:34 2019...
