#-----------------------------------------------------------
# Vivado v2018.3 (64-bit)
# SW Build 2405991 on Thu Dec  6 23:38:27 MST 2018
# IP Build 2404404 on Fri Dec  7 01:43:56 MST 2018
# Start of session at: Sat Feb 16 07:05:47 2019
# Process ID: 11392
# Current directory: C:/Users/FoersterGame/Documents/GitHub/FPGAintro/0_1_HelloWorld
# Command line: vivado.exe -gui_launcher_event rodinguilauncherevent11336 C:\Users\FoersterGame\Documents\GitHub\FPGAintro\0_1_HelloWorld\0_1_HelloWorld.xpr
# Log file: C:/Users/FoersterGame/Documents/GitHub/FPGAintro/0_1_HelloWorld/vivado.log
# Journal file: C:/Users/FoersterGame/Documents/GitHub/FPGAintro/0_1_HelloWorld\vivado.jou
#-----------------------------------------------------------
start_gui
open_project C:/Users/FoersterGame/Documents/GitHub/FPGAintro/0_1_HelloWorld/0_1_HelloWorld.xpr
Scanning sources...
Finished scanning sources
INFO: [IP_Flow 19-234] Refreshing IP repositories
INFO: [IP_Flow 19-1704] No user IP repositories specified
INFO: [IP_Flow 19-2313] Loaded Vivado IP repository 'C:/Xilinx/Vivado/2018.3/data/ip'.
update_compile_order -fileset sources_1
save_project_as 0_2_HelloWorld C:/Users/FoersterGame/Documents/GitHub/FPGAintro/0_2_HelloWorld -force
export_ip_user_files -of_objects  [get_files C:/Users/FoersterGame/Documents/GitHub/FPGAintro/0_2_HelloWorld/0_2_HelloWorld.srcs/sources_1/new/0_1_HelloWorld.v] -no_script -reset -force -quiet
remove_files  C:/Users/FoersterGame/Documents/GitHub/FPGAintro/0_2_HelloWorld/0_2_HelloWorld.srcs/sources_1/new/0_1_HelloWorld.v
close [ open C:/Users/FoersterGame/Documents/GitHub/FPGAintro/0_2_HelloWorld/0_2_HelloWorld.srcs/sources_1/new/0_2_HelloWorld.v w ]
add_files C:/Users/FoersterGame/Documents/GitHub/FPGAintro/0_2_HelloWorld/0_2_HelloWorld.srcs/sources_1/new/0_2_HelloWorld.v
reset_run synth_1
launch_runs impl_1 -to_step write_bitstream -jobs 4
[Sat Feb 16 07:11:09 2019] Launched synth_1...
Run output will be captured here: C:/Users/FoersterGame/Documents/GitHub/FPGAintro/0_2_HelloWorld/0_2_HelloWorld.runs/synth_1/runme.log
[Sat Feb 16 07:11:09 2019] Launched impl_1...
Run output will be captured here: C:/Users/FoersterGame/Documents/GitHub/FPGAintro/0_2_HelloWorld/0_2_HelloWorld.runs/impl_1/runme.log
reset_run synth_1
launch_runs impl_1 -to_step write_bitstream -jobs 4
[Sat Feb 16 07:12:12 2019] Launched synth_1...
Run output will be captured here: C:/Users/FoersterGame/Documents/GitHub/FPGAintro/0_2_HelloWorld/0_2_HelloWorld.runs/synth_1/runme.log
[Sat Feb 16 07:12:13 2019] Launched impl_1...
Run output will be captured here: C:/Users/FoersterGame/Documents/GitHub/FPGAintro/0_2_HelloWorld/0_2_HelloWorld.runs/impl_1/runme.log
exit
INFO: [Common 17-206] Exiting Vivado at Sat Feb 16 07:19:29 2019...
