#-----------------------------------------------------------
# Vivado v2018.3 (64-bit)
# SW Build 2405991 on Thu Dec  6 23:38:27 MST 2018
# IP Build 2404404 on Fri Dec  7 01:43:56 MST 2018
# Start of session at: Sat Feb 16 07:41:40 2019
# Process ID: 7844
# Current directory: C:/Users/FoersterGame/Documents/GitHub/FPGAintro/1_1_Parallel_b
# Command line: vivado.exe -gui_launcher_event rodinguilauncherevent8340 C:\Users\FoersterGame\Documents\GitHub\FPGAintro\1_1_Parallel_b\1_1_Parallel_b.xpr
# Log file: C:/Users/FoersterGame/Documents/GitHub/FPGAintro/1_1_Parallel_b/vivado.log
# Journal file: C:/Users/FoersterGame/Documents/GitHub/FPGAintro/1_1_Parallel_b\vivado.jou
#-----------------------------------------------------------
start_gui
open_project C:/Users/FoersterGame/Documents/GitHub/FPGAintro/1_1_Parallel_b/1_1_Parallel_b.xpr
Scanning sources...
Finished scanning sources
INFO: [IP_Flow 19-234] Refreshing IP repositories
INFO: [IP_Flow 19-1704] No user IP repositories specified
INFO: [IP_Flow 19-2313] Loaded Vivado IP repository 'C:/Xilinx/Vivado/2018.3/data/ip'.
update_compile_order -fileset sources_1
synth_design -rtl -name rtl_1
Command: synth_design -rtl -name rtl_1
Starting synth_design
Using part: xc7a100tcsg324-1
Top: Parallela
---------------------------------------------------------------------------------
Starting RTL Elaboration : Time (s): cpu = 00:00:02 ; elapsed = 00:00:02 . Memory (MB): peak = 809.707 ; gain = 58.207
---------------------------------------------------------------------------------
INFO: [Synth 8-6157] synthesizing module 'Parallela' [C:/Users/FoersterGame/Documents/GitHub/FPGAintro/1_1_Parallel_b/1_1_Parallel_b.srcs/sources_1/new/1a_Parallel.v:3]
INFO: [Synth 8-6155] done synthesizing module 'Parallela' (1#1) [C:/Users/FoersterGame/Documents/GitHub/FPGAintro/1_1_Parallel_b/1_1_Parallel_b.srcs/sources_1/new/1a_Parallel.v:3]
---------------------------------------------------------------------------------
Finished RTL Elaboration : Time (s): cpu = 00:00:02 ; elapsed = 00:00:02 . Memory (MB): peak = 851.152 ; gain = 99.652
---------------------------------------------------------------------------------

Report Check Netlist: 
+------+------------------+-------+---------+-------+------------------+
|      |Item              |Errors |Warnings |Status |Description       |
+------+------------------+-------+---------+-------+------------------+
|1     |multi_driven_nets |      0|        0|Passed |Multi driven nets |
+------+------------------+-------+---------+-------+------------------+
---------------------------------------------------------------------------------
Start Handling Custom Attributes
---------------------------------------------------------------------------------
---------------------------------------------------------------------------------
Finished Handling Custom Attributes : Time (s): cpu = 00:00:02 ; elapsed = 00:00:02 . Memory (MB): peak = 851.152 ; gain = 99.652
---------------------------------------------------------------------------------
---------------------------------------------------------------------------------
Finished RTL Optimization Phase 1 : Time (s): cpu = 00:00:02 ; elapsed = 00:00:02 . Memory (MB): peak = 851.152 ; gain = 99.652
---------------------------------------------------------------------------------
INFO: [Device 21-403] Loading part xc7a100tcsg324-1
INFO: [Project 1-570] Preparing netlist for logic optimization

Processing XDC Constraints
Initializing timing engine
Parsing XDC File [C:/Users/FoersterGame/Documents/GitHub/FPGAintro/1_1_Parallel_b/1_1_Parallel_b.srcs/constrs_1/imports/4_clockTest/Nexys4DDR_Master.xdc]
Finished Parsing XDC File [C:/Users/FoersterGame/Documents/GitHub/FPGAintro/1_1_Parallel_b/1_1_Parallel_b.srcs/constrs_1/imports/4_clockTest/Nexys4DDR_Master.xdc]
Completed Processing XDC Constraints

INFO: [Opt 31-138] Pushed 0 inverter(s) to 0 load pin(s).
Netlist sorting complete. Time (s): cpu = 00:00:00 ; elapsed = 00:00:00 . Memory (MB): peak = 1110.996 ; gain = 0.000
INFO: [Project 1-111] Unisim Transformation Summary:
No Unisim elements were transformed.

RTL Elaboration Complete:  : Time (s): cpu = 00:00:14 ; elapsed = 00:00:09 . Memory (MB): peak = 1232.473 ; gain = 480.973
6 Infos, 0 Warnings, 0 Critical Warnings and 0 Errors encountered.
synth_design completed successfully
synth_design: Time (s): cpu = 00:00:14 ; elapsed = 00:00:09 . Memory (MB): peak = 1232.473 ; gain = 480.973
close_project
exit
INFO: [Common 17-206] Exiting Vivado at Sat Feb 16 07:50:20 2019...
