#-----------------------------------------------------------
# Vivado v2018.3 (64-bit)
# SW Build 2405991 on Thu Dec  6 23:38:27 MST 2018
# IP Build 2404404 on Fri Dec  7 01:43:56 MST 2018
# Start of session at: Mon Feb 18 07:55:59 2019
# Process ID: 11596
# Current directory: C:/Users/FoersterGame/Documents/GitHub/FPGAintro/2_3_Not_For_Clocked
# Command line: vivado.exe -gui_launcher_event rodinguilauncherevent14984 C:\Users\FoersterGame\Documents\GitHub\FPGAintro\2_3_Not_For_Clocked\Not_For_Clocked.xpr
# Log file: C:/Users/FoersterGame/Documents/GitHub/FPGAintro/2_3_Not_For_Clocked/vivado.log
# Journal file: C:/Users/FoersterGame/Documents/GitHub/FPGAintro/2_3_Not_For_Clocked\vivado.jou
#-----------------------------------------------------------
start_gui
open_project C:/Users/FoersterGame/Documents/GitHub/FPGAintro/2_3_Not_For_Clocked/Not_For_Clocked.xpr
Scanning sources...
Finished scanning sources
WARNING: [filemgmt 56-3] IPUserFilesDir: Could not find the directory 'C:/Users/FoersterGame/Documents/GitHub/FPGAintro/2_3_Not_For_Clocked/Not_For_Clocked.ip_user_files'.
INFO: [IP_Flow 19-234] Refreshing IP repositories
INFO: [IP_Flow 19-1704] No user IP repositories specified
INFO: [IP_Flow 19-2313] Loaded Vivado IP repository 'C:/Xilinx/Vivado/2018.3/data/ip'.
update_compile_order -fileset sources_1
close_project
exit
INFO: [Common 17-206] Exiting Vivado at Mon Feb 18 08:58:17 2019...
